[INFO]-[2020/09/23 16:31:28] Cloning: acceelrate's clone job's data is not in database, generating data
[INFO]-[2020/09/23 16:31:28] Cloning: acceelrate's clone job's data is not in database, generating data
[INFO]-[2020/09/23 16:31:29] DB Copy: Creating table wpstg0_commentmeta
[INFO]-[2020/09/23 16:31:29] DB Copy: Creating table wpstg0_commentmeta
[INFO]-[2020/09/23 16:31:30] DB Copy: Creating table wpstg0_comments
[INFO]-[2020/09/23 16:31:30] DB Copy: wp_comments as wpstg0_comments from 0 to 10000 records
[INFO]-[2020/09/23 16:31:30] DB Copy: Creating table wpstg0_comments
[INFO]-[2020/09/23 16:31:30] DB Copy: wp_comments as wpstg0_comments from 0 to 10000 records
[INFO]-[2020/09/23 16:31:31] DB Copy: Creating table wpstg0_links
[INFO]-[2020/09/23 16:31:31] DB Copy: Creating table wpstg0_links
[INFO]-[2020/09/23 16:31:31] DB Copy: Creating table wpstg0_options
[INFO]-[2020/09/23 16:31:32] DB Copy: wp_options as wpstg0_options from 0 to 10000 records
[INFO]-[2020/09/23 16:31:31] DB Copy: Creating table wpstg0_options
[INFO]-[2020/09/23 16:31:32] DB Copy: wp_options as wpstg0_options from 0 to 10000 records
[INFO]-[2020/09/23 16:31:33] DB Copy: Creating table wpstg0_postmeta
[INFO]-[2020/09/23 16:31:33] DB Copy: wp_postmeta as wpstg0_postmeta from 0 to 10000 records
[INFO]-[2020/09/23 16:31:33] DB Copy: Creating table wpstg0_postmeta
[INFO]-[2020/09/23 16:31:33] DB Copy: wp_postmeta as wpstg0_postmeta from 0 to 10000 records
[INFO]-[2020/09/23 16:31:34] DB Copy: Creating table wpstg0_posts
[INFO]-[2020/09/23 16:31:34] DB Copy: wp_posts as wpstg0_posts from 0 to 10000 records
[INFO]-[2020/09/23 16:31:34] DB Copy: Creating table wpstg0_posts
[INFO]-[2020/09/23 16:31:34] DB Copy: wp_posts as wpstg0_posts from 0 to 10000 records
[INFO]-[2020/09/23 16:31:34] DB Copy: Creating table wpstg0_term_relationships
[INFO]-[2020/09/23 16:31:35] DB Copy: wp_term_relationships as wpstg0_term_relationships from 0 to 10000 records
[INFO]-[2020/09/23 16:31:34] DB Copy: Creating table wpstg0_term_relationships
[INFO]-[2020/09/23 16:31:35] DB Copy: wp_term_relationships as wpstg0_term_relationships from 0 to 10000 records
[INFO]-[2020/09/23 16:31:35] DB Copy: Creating table wpstg0_term_taxonomy
[INFO]-[2020/09/23 16:31:36] DB Copy: wp_term_taxonomy as wpstg0_term_taxonomy from 0 to 10000 records
[INFO]-[2020/09/23 16:31:35] DB Copy: Creating table wpstg0_term_taxonomy
[INFO]-[2020/09/23 16:31:36] DB Copy: wp_term_taxonomy as wpstg0_term_taxonomy from 0 to 10000 records
[INFO]-[2020/09/23 16:31:36] DB Copy: Creating table wpstg0_termmeta
[INFO]-[2020/09/23 16:31:36] DB Copy: Creating table wpstg0_termmeta
[INFO]-[2020/09/23 16:31:38] DB Copy: Creating table wpstg0_terms
[INFO]-[2020/09/23 16:31:38] DB Copy: wp_terms as wpstg0_terms from 0 to 10000 records
[INFO]-[2020/09/23 16:31:38] DB Copy: Creating table wpstg0_terms
[INFO]-[2020/09/23 16:31:38] DB Copy: wp_terms as wpstg0_terms from 0 to 10000 records
[INFO]-[2020/09/23 16:31:39] DB Copy: Creating table wpstg0_usermeta
[INFO]-[2020/09/23 16:31:39] DB Copy: wp_usermeta as wpstg0_usermeta from 0 to 10000 records
[INFO]-[2020/09/23 16:31:39] DB Copy: Creating table wpstg0_usermeta
[INFO]-[2020/09/23 16:31:39] DB Copy: wp_usermeta as wpstg0_usermeta from 0 to 10000 records
[INFO]-[2020/09/23 16:31:40] DB Copy: Creating table wpstg0_users
[INFO]-[2020/09/23 16:31:40] DB Copy: wp_users as wpstg0_users from 0 to 10000 records
[INFO]-[2020/09/23 16:31:40] DB Copy: Creating table wpstg0_users
[INFO]-[2020/09/23 16:31:40] DB Copy: wp_users as wpstg0_users from 0 to 10000 records
[]-[] 
[]-[] 
[]-[] 
[]-[] 
[INFO]-[2020/09/23 16:31:42] DB Search & Replace:  Table wpstg0_comments 0 to 5000 records
[INFO]-[2020/09/23 16:31:42] DB Search & Replace:  Table wpstg0_comments 0 to 5000 records
[]-[] 
[]-[] 
[INFO]-[2020/09/23 16:31:43] DB Search & Replace:  Table wpstg0_options 0 to 5000 records
[INFO]-[2020/09/23 16:31:43] DB Search & Replace:  Table wpstg0_options 0 to 5000 records
[INFO]-[2020/09/23 16:31:43] DB Search & Replace:  Table wpstg0_postmeta 0 to 5000 records
[INFO]-[2020/09/23 16:31:43] DB Search & Replace:  Table wpstg0_postmeta 0 to 5000 records
[INFO]-[2020/09/23 16:31:43] DB Search & Replace:  Table wpstg0_posts 0 to 5000 records
[INFO]-[2020/09/23 16:31:43] DB Search & Replace:  Table wpstg0_posts 0 to 5000 records
[INFO]-[2020/09/23 16:31:44] DB Search & Replace:  Table wpstg0_term_relationships 0 to 5000 records
[INFO]-[2020/09/23 16:31:44] DB Search & Replace:  Table wpstg0_term_relationships 0 to 5000 records
[INFO]-[2020/09/23 16:31:44] DB Search & Replace:  Table wpstg0_term_taxonomy 0 to 5000 records
[INFO]-[2020/09/23 16:31:44] DB Search & Replace:  Table wpstg0_term_taxonomy 0 to 5000 records
[]-[] 
[]-[] 
[INFO]-[2020/09/23 16:31:45] DB Search & Replace:  Table wpstg0_terms 0 to 5000 records
[INFO]-[2020/09/23 16:31:45] DB Search & Replace:  Table wpstg0_terms 0 to 5000 records
[INFO]-[2020/09/23 16:31:46] DB Search & Replace:  Table wpstg0_usermeta 0 to 5000 records
[INFO]-[2020/09/23 16:31:46] DB Search & Replace:  Table wpstg0_usermeta 0 to 5000 records
[INFO]-[2020/09/23 16:31:46] DB Search & Replace:  Table wpstg0_users 0 to 5000 records
[INFO]-[2020/09/23 16:31:46] DB Search & Replace:  Table wpstg0_users 0 to 5000 records
[]-[] 
[]-[] 
[INFO]-[2020/09/23 16:31:47] Scanning / for files
[INFO]-[2020/09/23 16:31:47] Scanning / for files
[INFO]-[2020/09/23 16:31:48] Scanning wp-content folder C:\xampp\htdocs\accelerate/wp-content
[INFO]-[2020/09/23 16:31:48] Scanning wp-content folder C:\xampp\htdocs\accelerate/wp-content
[INFO]-[2020/09/23 16:31:48] Scanning /wp-includes for its sub-directories and files
[INFO]-[2020/09/23 16:31:48] Scanning /wp-includes for its sub-directories and files
[INFO]-[2020/09/23 16:31:49] Scanning /wp-admin for its sub-directories and files
[INFO]-[2020/09/23 16:31:49] Scanning /wp-admin for its sub-directories and files
[INFO]-[2020/09/23 16:31:50] Copying files...
[INFO]-[2020/09/23 16:31:52] Total 50 files processed
[INFO]-[2020/09/23 16:31:50] Copying files...
[INFO]-[2020/09/23 16:31:52] Total 50 files processed
[INFO]-[2020/09/23 16:31:53] Total 100 files processed
[INFO]-[2020/09/23 16:31:53] Total 100 files processed
[INFO]-[2020/09/23 16:31:55] Total 150 files processed
[INFO]-[2020/09/23 16:31:55] Total 150 files processed
[INFO]-[2020/09/23 16:31:55] Total 200 files processed
[INFO]-[2020/09/23 16:31:55] Total 200 files processed
[INFO]-[2020/09/23 16:31:56] Total 250 files processed
[INFO]-[2020/09/23 16:31:56] Total 250 files processed
[INFO]-[2020/09/23 16:31:57] Total 300 files processed
[INFO]-[2020/09/23 16:31:57] Total 300 files processed
[INFO]-[2020/09/23 16:31:59] Total 350 files processed
[INFO]-[2020/09/23 16:31:59] Total 350 files processed
[INFO]-[2020/09/23 16:32:02] Total 400 files processed
[INFO]-[2020/09/23 16:32:02] Total 400 files processed
[INFO]-[2020/09/23 16:32:04] Total 450 files processed
[INFO]-[2020/09/23 16:32:04] Total 450 files processed
[INFO]-[2020/09/23 16:32:05] Total 500 files processed
[INFO]-[2020/09/23 16:32:05] Total 500 files processed
[INFO]-[2020/09/23 16:32:06] Total 550 files processed
[INFO]-[2020/09/23 16:32:06] Total 550 files processed
[INFO]-[2020/09/23 16:32:09] Total 600 files processed
[INFO]-[2020/09/23 16:32:09] Total 600 files processed
[INFO]-[2020/09/23 16:32:11] Total 650 files processed
[INFO]-[2020/09/23 16:32:11] Total 650 files processed
[INFO]-[2020/09/23 16:32:13] Total 700 files processed
[INFO]-[2020/09/23 16:32:13] Total 700 files processed
[INFO]-[2020/09/23 16:32:14] Total 750 files processed
[INFO]-[2020/09/23 16:32:14] Total 750 files processed
[INFO]-[2020/09/23 16:32:17] Total 800 files processed
[INFO]-[2020/09/23 16:32:17] Total 800 files processed
[INFO]-[2020/09/23 16:32:20] Total 850 files processed
[INFO]-[2020/09/23 16:32:20] Total 850 files processed
[INFO]-[2020/09/23 16:32:21] Total 900 files processed
[INFO]-[2020/09/23 16:32:21] Total 900 files processed
[INFO]-[2020/09/23 16:32:23] Total 950 files processed
[INFO]-[2020/09/23 16:32:23] Total 950 files processed
[INFO]-[2020/09/23 16:32:28] Total 1000 files processed
[INFO]-[2020/09/23 16:32:28] Total 1000 files processed
[INFO]-[2020/09/23 16:32:32] Total 1050 files processed
[INFO]-[2020/09/23 16:32:32] Total 1050 files processed
[INFO]-[2020/09/23 16:32:34] Total 1100 files processed
[INFO]-[2020/09/23 16:32:34] Total 1100 files processed
[INFO]-[2020/09/23 16:32:36] Total 1150 files processed
[INFO]-[2020/09/23 16:32:36] Total 1150 files processed
[INFO]-[2020/09/23 16:32:39] Total 1200 files processed
[INFO]-[2020/09/23 16:32:39] Total 1200 files processed
[INFO]-[2020/09/23 16:32:41] Total 1250 files processed
[INFO]-[2020/09/23 16:32:41] Total 1250 files processed
[INFO]-[2020/09/23 16:32:44] Total 1300 files processed
[INFO]-[2020/09/23 16:32:44] Total 1300 files processed
[INFO]-[2020/09/23 16:32:46] Total 1350 files processed
[INFO]-[2020/09/23 16:32:46] Total 1350 files processed
[INFO]-[2020/09/23 16:32:48] Total 1400 files processed
[INFO]-[2020/09/23 16:32:48] Total 1400 files processed
[INFO]-[2020/09/23 16:32:49] Total 1450 files processed
[INFO]-[2020/09/23 16:32:49] Total 1450 files processed
[INFO]-[2020/09/23 16:32:51] Total 1500 files processed
[INFO]-[2020/09/23 16:32:51] Total 1500 files processed
[INFO]-[2020/09/23 16:32:54] Total 1550 files processed
[INFO]-[2020/09/23 16:32:54] Total 1550 files processed
[INFO]-[2020/09/23 16:32:56] Total 1600 files processed
[INFO]-[2020/09/23 16:32:56] Total 1600 files processed
[INFO]-[2020/09/23 16:32:58] Total 1650 files processed
[INFO]-[2020/09/23 16:32:58] Total 1650 files processed
[INFO]-[2020/09/23 16:33:01] Total 1700 files processed
[INFO]-[2020/09/23 16:33:01] Total 1700 files processed
[INFO]-[2020/09/23 16:33:02] Total 1750 files processed
[INFO]-[2020/09/23 16:33:02] Total 1750 files processed
[INFO]-[2020/09/23 16:33:03] Total 1800 files processed
[INFO]-[2020/09/23 16:33:03] Total 1800 files processed
[INFO]-[2020/09/23 16:33:06] Total 1850 files processed
[INFO]-[2020/09/23 16:33:06] Total 1850 files processed
[INFO]-[2020/09/23 16:33:07] Total 1900 files processed
[INFO]-[2020/09/23 16:33:07] Total 1900 files processed
[INFO]-[2020/09/23 16:33:10] Total 1950 files processed
[INFO]-[2020/09/23 16:33:10] Total 1950 files processed
[INFO]-[2020/09/23 16:33:17] Total 2000 files processed
[INFO]-[2020/09/23 16:33:17] Total 2000 files processed
[INFO]-[2020/09/23 16:33:21] Total 2050 files processed
[INFO]-[2020/09/23 16:33:21] Total 2050 files processed
[INFO]-[2020/09/23 16:33:24] Total 2100 files processed
[INFO]-[2020/09/23 16:33:24] Total 2100 files processed
[INFO]-[2020/09/23 16:33:27] Total 2150 files processed
[INFO]-[2020/09/23 16:33:27] Total 2150 files processed
[INFO]-[2020/09/23 16:33:33] Total 2200 files processed
[INFO]-[2020/09/23 16:33:33] Total 2200 files processed
[WARNING]-[2020/09/23 16:33:37] File doesn't exist C:/xampp/htdocs/accelerate/
[WARNING]-[2020/09/23 16:33:37] File doesn't exist C:/xampp/htdocs/accelerate/
[INFO]-[2020/09/23 16:33:38] Copying files finished
[INFO]-[2020/09/23 16:33:38] Copying files finished
[INFO]-[2020/09/23 16:33:38] Preparing Data Step0: Copy wp-config.php file
[INFO]-[2020/09/23 16:33:38] Preparing Data Step0: Copy wp-config.php file
[INFO]-[2020/09/23 16:33:39] Preparing Data Step1: Updating siteurl and homeurl in wpstg0_options 
[INFO]-[2020/09/23 16:33:39] Preparing Data Step1: Updating siteurl and homeurl to http://localhost/accelerate/acceelrate
[INFO]-[2020/09/23 16:33:39] Preparing Data Step1: Updating siteurl and homeurl in wpstg0_options 
[INFO]-[2020/09/23 16:33:39] Preparing Data Step1: Updating siteurl and homeurl to http://localhost/accelerate/acceelrate
[INFO]-[2020/09/23 16:33:40] Preparing Data Step2: Updating row wpstg_is_staging_site in wpstg0_options 
[INFO]-[2020/09/23 16:33:40] Preparing Data Step2: Successful
[INFO]-[2020/09/23 16:33:40] Preparing Data Step2: Updating row wpstg_is_staging_site in wpstg0_options 
[INFO]-[2020/09/23 16:33:40] Preparing Data Step2: Successful
[INFO]-[2020/09/23 16:33:41] Preparing Data Step3: Updating rewrite_rules in wpstg0_options 
[INFO]-[2020/09/23 16:33:41] Preparing Data Step3: Updating rewrite_rules in wpstg0_options 
[INFO]-[2020/09/23 16:33:42] Preparing Data Step4: Updating db prefix in wpstg0_usermeta. 
[INFO]-[2020/09/23 16:33:42] Preparing Data Step4: Updating db prefix in wpstg0_usermeta. 
[INFO]-[2020/09/23 16:33:43] Preparing Data Step5: Updating table_prefix in C:\xampp\htdocs\accelerate\acceelrate/wp-config.php to wpstg0_
[INFO]-[2020/09/23 16:33:43] Preparing Data Step5: Updating table_prefix in C:\xampp\htdocs\accelerate\acceelrate/wp-config.php to wpstg0_
[INFO]-[2020/09/23 16:33:44] Preparing Data Step6: WP installation is not in a subdirectory! Skipping this step
[INFO]-[2020/09/23 16:33:44] Preparing Data Step6: WP installation is not in a subdirectory! Skipping this step
[INFO]-[2020/09/23 16:33:45] Preparing Data Step7: Updating wpstg_rmpermalinks_executed in wpstg0_options 
[INFO]-[2020/09/23 16:33:45] Preparing Data Step7: Finished successfully
[INFO]-[2020/09/23 16:33:45] Preparing Data Step7: Updating wpstg_rmpermalinks_executed in wpstg0_options 
[INFO]-[2020/09/23 16:33:45] Preparing Data Step7: Finished successfully
[INFO]-[2020/09/23 16:33:46] Preparing Data Step8: Updating permalink_structure in wpstg0_options 
[INFO]-[2020/09/23 16:33:46] Preparing Data Step8: Finished successfully
[INFO]-[2020/09/23 16:33:46] Preparing Data Step8: Updating permalink_structure in wpstg0_options 
[INFO]-[2020/09/23 16:33:46] Preparing Data Step8: Finished successfully
[INFO]-[2020/09/23 16:33:47] Preparing Data Step9: Set staging site to noindex
[INFO]-[2020/09/23 16:33:47] Preparing Data Step9: Finished successfully
[INFO]-[2020/09/23 16:33:47] Preparing Data Step9: Set staging site to noindex
[INFO]-[2020/09/23 16:33:47] Preparing Data Step9: Finished successfully
[INFO]-[2020/09/23 16:33:48] Preparing Data Step10: Updating WP_HOME in wp-config.php to http://localhost/accelerate/acceelrate
[INFO]-[2020/09/23 16:33:48] Preparing Data Step10: WP_HOME not defined in wp-config.php. Skipping this step.
[INFO]-[2020/09/23 16:33:48] Preparing Data Step10: Finished successfully
[INFO]-[2020/09/23 16:33:48] Preparing Data Step10: Updating WP_HOME in wp-config.php to http://localhost/accelerate/acceelrate
[INFO]-[2020/09/23 16:33:48] Preparing Data Step10: WP_HOME not defined in wp-config.php. Skipping this step.
[INFO]-[2020/09/23 16:33:48] Preparing Data Step10: Finished successfully
[INFO]-[2020/09/23 16:33:49] Preparing Data Step11: Updating WP_SITEURL in wp-config.php to http://localhost/accelerate/acceelrate
[INFO]-[2020/09/23 16:33:49] Preparing Data Step11: WP_SITEURL not defined in wp-config.php. Skipping this step.
[INFO]-[2020/09/23 16:33:49] Preparing Data Step11: Finished successfully
[INFO]-[2020/09/23 16:33:49] Preparing Data Step11: Updating WP_SITEURL in wp-config.php to http://localhost/accelerate/acceelrate
[INFO]-[2020/09/23 16:33:49] Preparing Data Step11: WP_SITEURL not defined in wp-config.php. Skipping this step.
[INFO]-[2020/09/23 16:33:49] Preparing Data Step11: Finished successfully
[INFO]-[2020/09/23 16:33:50] Preparing Data Step12: Updating db prefix in wpstg0_options.
[INFO]-[2020/09/23 16:33:50] Preparing Data Step12: Skip (custom filtered):   AND option_name <> 'wp_mail_smtp' AND option_name <> 'wp_mail_smtp_version' AND option_name <> 'wp_mail_smtp_debug'
[INFO]-[2020/09/23 16:33:50] Preparing Data Step12: Finished successfully
[INFO]-[2020/09/23 16:33:50] Preparing Data Step12: Updating db prefix in wpstg0_options.
[INFO]-[2020/09/23 16:33:50] Preparing Data Step12: Skip (custom filtered):   AND option_name <> 'wp_mail_smtp' AND option_name <> 'wp_mail_smtp_version' AND option_name <> 'wp_mail_smtp_debug'
[INFO]-[2020/09/23 16:33:50] Preparing Data Step12: Finished successfully
[INFO]-[2020/09/23 16:33:51] Preparing Data Step13: Updating upload_path wpstg0_options.
[INFO]-[2020/09/23 16:33:51] Preparing Data Step13: Skipped
[INFO]-[2020/09/23 16:33:51] Preparing Data Step13: Updating upload_path wpstg0_options.
[INFO]-[2020/09/23 16:33:51] Preparing Data Step13: Skipped
[INFO]-[2020/09/23 16:33:52] Preparing Data Step14: Set WP_CACHE in wp-config.php to false
[INFO]-[2020/09/23 16:33:52] Preparing Data Step14: WP_CACHE not defined in wp-config.php. Skipping this step.
[INFO]-[2020/09/23 16:33:52] Preparing Data Step14: Finished successfully
[INFO]-[2020/09/23 16:33:52] Preparing Data Step14: Set WP_CACHE in wp-config.php to false
[INFO]-[2020/09/23 16:33:52] Preparing Data Step14: WP_CACHE not defined in wp-config.php. Skipping this step.
[INFO]-[2020/09/23 16:33:52] Preparing Data Step14: Finished successfully
[INFO]-[2020/09/23 16:33:53] Preparing Data Step15: Set WP_CONTENT_DIR in wp-config.php to false
[INFO]-[2020/09/23 16:33:53] Preparing Data Step15: WP_CONTENT_DIR not defined in wp-config.php. Skipping this step.
[INFO]-[2020/09/23 16:33:53] Preparing Data Step15: Finished successfully
[INFO]-[2020/09/23 16:33:53] Preparing Data Step15: Set WP_CONTENT_DIR in wp-config.php to false
[INFO]-[2020/09/23 16:33:53] Preparing Data Step15: WP_CONTENT_DIR not defined in wp-config.php. Skipping this step.
[INFO]-[2020/09/23 16:33:53] Preparing Data Step15: Finished successfully
[INFO]-[2020/09/23 16:33:54] Preparing Data Step16: Set WP_CONTENT_URL in wp-config.php to false
[INFO]-[2020/09/23 16:33:54] Preparing Data Step16: WP_CONTENT_URL not defined in wp-config.php. Skipping this step.
[INFO]-[2020/09/23 16:33:54] Preparing Data Step16: Finished successfully
[INFO]-[2020/09/23 16:33:54] Preparing Data Step16: Set WP_CONTENT_URL in wp-config.php to false
[INFO]-[2020/09/23 16:33:54] Preparing Data Step16: WP_CONTENT_URL not defined in wp-config.php. Skipping this step.
[INFO]-[2020/09/23 16:33:54] Preparing Data Step16: Finished successfully
[INFO]-[2020/09/23 16:33:55] Preparing Data Step17: Update UPLOADS constant in wp-config.php
[INFO]-[2020/09/23 16:33:55] Preparing Data Step17: UPLOADS not defined in wp-config.php. Creating new entry.
[INFO]-[2020/09/23 16:33:55] Preparing Data Step17: Finished successfully
[INFO]-[2020/09/23 16:33:55] Preparing Data Step17: Update UPLOADS constant in wp-config.php
[INFO]-[2020/09/23 16:33:55] Preparing Data Step17: UPLOADS not defined in wp-config.php. Creating new entry.
[INFO]-[2020/09/23 16:33:55] Preparing Data Step17: Finished successfully
[]-[] 
[]-[] 
[]-[] 
[]-[] 
[INFO]-[2020/09/23 16:33:58] Preparing Data Step20: Reset wp staging site data
[INFO]-[2020/09/23 16:33:58] Preparing Data Step20: Reset wp staging site data
[]-[] 
[]-[] 
[INFO]-[2020/09/23 16:33:59] Finish: Deleting clone job's cache files...
[INFO]-[2020/09/23 16:33:59] Finish: Clone job's cache files have been deleted!
[INFO]-[2020/09/23 16:33:59] Finish: Verifying existing clones...
[INFO]-[2020/09/23 16:33:59] Finish: The job finished!
[INFO]-[2020/09/23 16:33:59] Finish: Deleting clone job's cache files...
[INFO]-[2020/09/23 16:33:59] Finish: Clone job's cache files have been deleted!
[INFO]-[2020/09/23 16:33:59] Finish: Verifying existing clones...
[INFO]-[2020/09/23 16:33:59] Finish: The job finished!
